# JRE version: OpenJDK Runtime Environment (7.0_79-b14) (build 1.7.0_79-b14)
# Java VM: OpenJDK 64-Bit Server VM (24.79-b02 mixed mode linux-amd64 compressed oops)
Heap
 PSYoungGen      total 31744K, used 6419K [0x00000007ad080000, 0x00000007af200000, 0x0000000800000000)
  eden space 31232K, 20% used [0x00000007ad080000,0x00000007ad6a4c90,0x00000007aef00000)
  from space 512K, 25% used [0x00000007af180000,0x00000007af1a0000,0x00000007af200000)
  to   space 512K, 0% used [0x00000007af100000,0x00000007af100000,0x00000007af180000)
 ParOldGen       total 169472K, used 5833K [0x0000000707200000, 0x0000000711780000, 0x00000007ad080000)
  object space 169472K, 3% used [0x0000000707200000,0x00000007077b2778,0x0000000711780000)
 PSPermGen       total 21504K, used 12343K [0x00000006fcc00000, 0x00000006fe100000, 0x0000000707200000)
  object space 21504K, 57% used [0x00000006fcc00000,0x00000006fd80ded0,0x00000006fe100000)
GC Heap History (10 events):
Event: 1077,477 GC heap before
{Heap before GC invocations=170 (full 0):
 PSYoungGen      total 31744K, used 31424K [0x00000007ad080000, 0x00000007af200000, 0x0000000800000000)
  eden space 31232K, 100% used [0x00000007ad080000,0x00000007aef00000,0x00000007aef00000)
  from space 512K, 37% used [0x00000007af100000,0x00000007af130000,0x00000007af180000)
  to   space 512K, 0% used [0x00000007af180000,0x00000007af180000,0x00000007af200000)
 ParOldGen       total 169472K, used 5761K [0x0000000707200000, 0x0000000711780000, 0x00000007ad080000)
  object space 169472K, 3% used [0x0000000707200000,0x00000007077a0778,0x0000000711780000)
 PSPermGen       total 21504K, used 12343K [0x00000006fcc00000, 0x00000006fe100000, 0x0000000707200000)
  object space 21504K, 57% used [0x00000006fcc00000,0x00000006fd80ded0,0x00000006fe100000)
Event: 1077,478 GC heap after
Heap after GC invocations=170 (full 0):
 PSYoungGen      total 31744K, used 160K [0x00000007ad080000, 0x00000007af200000, 0x0000000800000000)
  eden space 31232K, 0% used [0x00000007ad080000,0x00000007ad080000,0x00000007aef00000)
  from space 512K, 31% used [0x00000007af180000,0x00000007af1a8000,0x00000007af200000)
  to   space 512K, 0% used [0x00000007af100000,0x00000007af100000,0x00000007af180000)
 ParOldGen       total 169472K, used 5777K [0x0000000707200000, 0x0000000711780000, 0x00000007ad080000)
  object space 169472K, 3% used [0x0000000707200000,0x00000007077a4778,0x0000000711780000)
 PSPermGen       total 21504K, used 12343K [0x00000006fcc00000, 0x00000006fe100000, 0x0000000707200000)
  object space 21504K, 57% used [0x00000006fcc00000,0x00000006fd80ded0,0x00000006fe100000)
}
Event: 1079,282 GC heap before
{Heap before GC invocations=171 (full 0):
 PSYoungGen      total 31744K, used 31392K [0x00000007ad080000, 0x00000007af200000, 0x0000000800000000)
  eden space 31232K, 100% used [0x00000007ad080000,0x00000007aef00000,0x00000007aef00000)
  from space 512K, 31% used [0x00000007af180000,0x00000007af1a8000,0x00000007af200000)
  to   space 512K, 0% used [0x00000007af100000,0x00000007af100000,0x00000007af180000)
 ParOldGen       total 169472K, used 5777K [0x0000000707200000, 0x0000000711780000, 0x00000007ad080000)
  object space 169472K, 3% used [0x0000000707200000,0x00000007077a4778,0x0000000711780000)
 PSPermGen       total 21504K, used 12343K [0x00000006fcc00000, 0x00000006fe100000, 0x0000000707200000)
  object space 21504K, 57% used [0x00000006fcc00000,0x00000006fd80ded0,0x00000006fe100000)
Event: 1079,282 GC heap after
Heap after GC invocations=171 (full 0):
 PSYoungGen      total 31744K, used 160K [0x00000007ad080000, 0x00000007af200000, 0x0000000800000000)
  eden space 31232K, 0% used [0x00000007ad080000,0x00000007ad080000,0x00000007aef00000)
  from space 512K, 31% used [0x00000007af100000,0x00000007af128000,0x00000007af180000)
  to   space 512K, 0% used [0x00000007af180000,0x00000007af180000,0x00000007af200000)
 ParOldGen       total 169472K, used 5793K [0x0000000707200000, 0x0000000711780000, 0x00000007ad080000)
  object space 169472K, 3% used [0x0000000707200000,0x00000007077a8778,0x0000000711780000)
 PSPermGen       total 21504K, used 12343K [0x00000006fcc00000, 0x00000006fe100000, 0x0000000707200000)
  object space 21504K, 57% used [0x00000006fcc00000,0x00000006fd80ded0,0x00000006fe100000)
}
Event: 1081,440 GC heap before
{Heap before GC invocations=172 (full 0):
 PSYoungGen      total 31744K, used 31392K [0x00000007ad080000, 0x00000007af200000, 0x0000000800000000)
  eden space 31232K, 100% used [0x00000007ad080000,0x00000007aef00000,0x00000007aef00000)
  from space 512K, 31% used [0x00000007af100000,0x00000007af128000,0x00000007af180000)
  to   space 512K, 0% used [0x00000007af180000,0x00000007af180000,0x00000007af200000)
 ParOldGen       total 169472K, used 5793K [0x0000000707200000, 0x0000000711780000, 0x00000007ad080000)
  object space 169472K, 3% used [0x0000000707200000,0x00000007077a8778,0x0000000711780000)
 PSPermGen       total 21504K, used 12343K [0x00000006fcc00000, 0x00000006fe100000, 0x0000000707200000)
  object space 21504K, 57% used [0x00000006fcc00000,0x00000006fd80ded0,0x00000006fe100000)
Event: 1081,441 GC heap after
Heap after GC invocations=172 (full 0):
 PSYoungGen      total 31744K, used 160K [0x00000007ad080000, 0x00000007af200000, 0x0000000800000000)
  eden space 31232K, 0% used [0x00000007ad080000,0x00000007ad080000,0x00000007aef00000)
  from space 512K, 31% used [0x00000007af180000,0x00000007af1a8000,0x00000007af200000)
  to   space 512K, 0% used [0x00000007af100000,0x00000007af100000,0x00000007af180000)
 ParOldGen       total 169472K, used 5809K [0x0000000707200000, 0x0000000711780000, 0x00000007ad080000)
  object space 169472K, 3% used [0x0000000707200000,0x00000007077ac778,0x0000000711780000)
 PSPermGen       total 21504K, used 12343K [0x00000006fcc00000, 0x00000006fe100000, 0x0000000707200000)
  object space 21504K, 57% used [0x00000006fcc00000,0x00000006fd80ded0,0x00000006fe100000)
}
Event: 1085,084 GC heap before
{Heap before GC invocations=173 (full 0):
 PSYoungGen      total 31744K, used 31392K [0x00000007ad080000, 0x00000007af200000, 0x0000000800000000)
  eden space 31232K, 100% used [0x00000007ad080000,0x00000007aef00000,0x00000007aef00000)
  from space 512K, 31% used [0x00000007af180000,0x00000007af1a8000,0x00000007af200000)
  to   space 512K, 0% used [0x00000007af100000,0x00000007af100000,0x00000007af180000)
 ParOldGen       total 169472K, used 5809K [0x0000000707200000, 0x0000000711780000, 0x00000007ad080000)
  object space 169472K, 3% used [0x0000000707200000,0x00000007077ac778,0x0000000711780000)
 PSPermGen       total 21504K, used 12343K [0x00000006fcc00000, 0x00000006fe100000, 0x0000000707200000)
  object space 21504K, 57% used [0x00000006fcc00000,0x00000006fd80ded0,0x00000006fe100000)
Event: 1085,085 GC heap after
Heap after GC invocations=173 (full 0):
 PSYoungGen      total 31744K, used 192K [0x00000007ad080000, 0x00000007af200000, 0x0000000800000000)
  eden space 31232K, 0% used [0x00000007ad080000,0x00000007ad080000,0x00000007aef00000)
  from space 512K, 37% used [0x00000007af100000,0x00000007af130000,0x00000007af180000)
  to   space 512K, 0% used [0x00000007af180000,0x00000007af180000,0x00000007af200000)
 ParOldGen       total 169472K, used 5825K [0x0000000707200000, 0x0000000711780000, 0x00000007ad080000)
  object space 169472K, 3% used [0x0000000707200000,0x00000007077b0778,0x0000000711780000)
 PSPermGen       total 21504K, used 12343K [0x00000006fcc00000, 0x00000006fe100000, 0x0000000707200000)
  object space 21504K, 57% used [0x00000006fcc00000,0x00000006fd80ded0,0x00000006fe100000)
}
Event: 1087,319 GC heap before
{Heap before GC invocations=174 (full 0):
 PSYoungGen      total 31744K, used 31424K [0x00000007ad080000, 0x00000007af200000, 0x0000000800000000)
  eden space 31232K, 100% used [0x00000007ad080000,0x00000007aef00000,0x00000007aef00000)
  from space 512K, 37% used [0x00000007af100000,0x00000007af130000,0x00000007af180000)
  to   space 512K, 0% used [0x00000007af180000,0x00000007af180000,0x00000007af200000)
 ParOldGen       total 169472K, used 5825K [0x0000000707200000, 0x0000000711780000, 0x00000007ad080000)
  object space 169472K, 3% used [0x0000000707200000,0x00000007077b0778,0x0000000711780000)
 PSPermGen       total 21504K, used 12343K [0x00000006fcc00000, 0x00000006fe100000, 0x0000000707200000)
  object space 21504K, 57% used [0x00000006fcc00000,0x00000006fd80ded0,0x00000006fe100000)
Event: 1087,320 GC heap after
Heap after GC invocations=174 (full 0):
 PSYoungGen      total 31744K, used 128K [0x00000007ad080000, 0x00000007af200000, 0x0000000800000000)
  eden space 31232K, 0% used [0x00000007ad080000,0x00000007ad080000,0x00000007aef00000)
  from space 512K, 25% used [0x00000007af180000,0x00000007af1a0000,0x00000007af200000)
  to   space 512K, 0% used [0x00000007af100000,0x00000007af100000,0x00000007af180000)
 ParOldGen       total 169472K, used 5833K [0x0000000707200000, 0x0000000711780000, 0x00000007ad080000)
  object space 169472K, 3% used [0x0000000707200000,0x00000007077b2778,0x0000000711780000)
 PSPermGen       total 21504K, used 12343K [0x00000006fcc00000, 0x00000006fe100000, 0x0000000707200000)
  object space 21504K, 57% used [0x00000006fcc00000,0x00000006fd80ded0,0x00000006fe100000)
}

