# JRE version: OpenJDK Runtime Environment (7.0_79-b14) (build 1.7.0_79-b14)
# Java VM: OpenJDK 64-Bit Server VM (24.79-b02 mixed mode linux-amd64 compressed oops)
Heap
 PSYoungGen      total 58880K, used 58464K [0x00000007ad080000, 0x00000007b6380000, 0x0000000800000000)
  eden space 58368K, 100% used [0x00000007ad080000,0x00000007b0980000,0x00000007b0980000)
  from space 512K, 18% used [0x00000007b6300000,0x00000007b6318000,0x00000007b6380000)
  to   space 512K, 18% used [0x00000007b6280000,0x00000007b6298000,0x00000007b6300000)
 ParOldGen       total 169472K, used 24421K [0x0000000707200000, 0x0000000711780000, 0x00000007ad080000)
  object space 169472K, 14% used [0x0000000707200000,0x00000007089d97a8,0x0000000711780000)
 PSPermGen       total 21504K, used 12561K [0x00000006fcc00000, 0x00000006fe100000, 0x0000000707200000)
  object space 21504K, 58% used [0x00000006fcc00000,0x00000006fd844568,0x00000006fe100000)
GC Heap History (10 events):
Event: 6314,921 GC heap after
Heap after GC invocations=22864 (full 0):
 PSYoungGen      total 63488K, used 128K [0x00000007ad080000, 0x00000007b6380000, 0x0000000800000000)
  eden space 62976K, 0% used [0x00000007ad080000,0x00000007ad080000,0x00000007b0e00000)
  from space 512K, 25% used [0x00000007b6300000,0x00000007b6320000,0x00000007b6380000)
  to   space 512K, 0% used [0x00000007b6280000,0x00000007b6280000,0x00000007b6300000)
 ParOldGen       total 169472K, used 24421K [0x0000000707200000, 0x0000000711780000, 0x00000007ad080000)
  object space 169472K, 14% used [0x0000000707200000,0x00000007089d97a8,0x0000000711780000)
 PSPermGen       total 21504K, used 12561K [0x00000006fcc00000, 0x00000006fe100000, 0x0000000707200000)
  object space 21504K, 58% used [0x00000006fcc00000,0x00000006fd844568,0x00000006fe100000)
}
Event: 6315,058 GC heap before
{Heap before GC invocations=22865 (full 0):
 PSYoungGen      total 63488K, used 63104K [0x00000007ad080000, 0x00000007b6380000, 0x0000000800000000)
  eden space 62976K, 100% used [0x00000007ad080000,0x00000007b0e00000,0x00000007b0e00000)
  from space 512K, 25% used [0x00000007b6300000,0x00000007b6320000,0x00000007b6380000)
  to   space 512K, 0% used [0x00000007b6280000,0x00000007b6280000,0x00000007b6300000)
 ParOldGen       total 169472K, used 24421K [0x0000000707200000, 0x0000000711780000, 0x00000007ad080000)
  object space 169472K, 14% used [0x0000000707200000,0x00000007089d97a8,0x0000000711780000)
 PSPermGen       total 21504K, used 12561K [0x00000006fcc00000, 0x00000006fe100000, 0x0000000707200000)
  object space 21504K, 58% used [0x00000006fcc00000,0x00000006fd844568,0x00000006fe100000)
Event: 6315,059 GC heap after
Heap after GC invocations=22865 (full 0):
 PSYoungGen      total 61952K, used 96K [0x00000007ad080000, 0x00000007b6380000, 0x0000000800000000)
  eden space 61440K, 0% used [0x00000007ad080000,0x00000007ad080000,0x00000007b0c80000)
  from space 512K, 18% used [0x00000007b6280000,0x00000007b6298000,0x00000007b6300000)
  to   space 512K, 0% used [0x00000007b6300000,0x00000007b6300000,0x00000007b6380000)
 ParOldGen       total 169472K, used 24421K [0x0000000707200000, 0x0000000711780000, 0x00000007ad080000)
  object space 169472K, 14% used [0x0000000707200000,0x00000007089d97a8,0x0000000711780000)
 PSPermGen       total 21504K, used 12561K [0x00000006fcc00000, 0x00000006fe100000, 0x0000000707200000)
  object space 21504K, 58% used [0x00000006fcc00000,0x00000006fd844568,0x00000006fe100000)
}
Event: 6315,192 GC heap before
{Heap before GC invocations=22866 (full 0):
 PSYoungGen      total 61952K, used 61536K [0x00000007ad080000, 0x00000007b6380000, 0x0000000800000000)
  eden space 61440K, 100% used [0x00000007ad080000,0x00000007b0c80000,0x00000007b0c80000)
  from space 512K, 18% used [0x00000007b6280000,0x00000007b6298000,0x00000007b6300000)
  to   space 512K, 0% used [0x00000007b6300000,0x00000007b6300000,0x00000007b6380000)
 ParOldGen       total 169472K, used 24421K [0x0000000707200000, 0x0000000711780000, 0x00000007ad080000)
  object space 169472K, 14% used [0x0000000707200000,0x00000007089d97a8,0x0000000711780000)
 PSPermGen       total 21504K, used 12561K [0x00000006fcc00000, 0x00000006fe100000, 0x0000000707200000)
  object space 21504K, 58% used [0x00000006fcc00000,0x00000006fd844568,0x00000006fe100000)
Event: 6315,193 GC heap after
Heap after GC invocations=22866 (full 0):
 PSYoungGen      total 60928K, used 128K [0x00000007ad080000, 0x00000007b6380000, 0x0000000800000000)
  eden space 60416K, 0% used [0x00000007ad080000,0x00000007ad080000,0x00000007b0b80000)
  from space 512K, 25% used [0x00000007b6300000,0x00000007b6320000,0x00000007b6380000)
  to   space 512K, 0% used [0x00000007b6280000,0x00000007b6280000,0x00000007b6300000)
 ParOldGen       total 169472K, used 24421K [0x0000000707200000, 0x0000000711780000, 0x00000007ad080000)
  object space 169472K, 14% used [0x0000000707200000,0x00000007089d97a8,0x0000000711780000)
 PSPermGen       total 21504K, used 12561K [0x00000006fcc00000, 0x00000006fe100000, 0x0000000707200000)
  object space 21504K, 58% used [0x00000006fcc00000,0x00000006fd844568,0x00000006fe100000)
}
Event: 6315,354 GC heap before
{Heap before GC invocations=22867 (full 0):
 PSYoungGen      total 60928K, used 60544K [0x00000007ad080000, 0x00000007b6380000, 0x0000000800000000)
  eden space 60416K, 100% used [0x00000007ad080000,0x00000007b0b80000,0x00000007b0b80000)
  from space 512K, 25% used [0x00000007b6300000,0x00000007b6320000,0x00000007b6380000)
  to   space 512K, 0% used [0x00000007b6280000,0x00000007b6280000,0x00000007b6300000)
 ParOldGen       total 169472K, used 24421K [0x0000000707200000, 0x0000000711780000, 0x00000007ad080000)
  object space 169472K, 14% used [0x0000000707200000,0x00000007089d97a8,0x0000000711780000)
 PSPermGen       total 21504K, used 12561K [0x00000006fcc00000, 0x00000006fe100000, 0x0000000707200000)
  object space 21504K, 58% used [0x00000006fcc00000,0x00000006fd844568,0x00000006fe100000)
Event: 6315,355 GC heap after
Heap after GC invocations=22867 (full 0):
 PSYoungGen      total 59904K, used 96K [0x00000007ad080000, 0x00000007b6380000, 0x0000000800000000)
  eden space 59392K, 0% used [0x00000007ad080000,0x00000007ad080000,0x00000007b0a80000)
  from space 512K, 18% used [0x00000007b6280000,0x00000007b6298000,0x00000007b6300000)
  to   space 512K, 0% used [0x00000007b6300000,0x00000007b6300000,0x00000007b6380000)
 ParOldGen       total 169472K, used 24421K [0x0000000707200000, 0x0000000711780000, 0x00000007ad080000)
  object space 169472K, 14% used [0x0000000707200000,0x00000007089d97a8,0x0000000711780000)
 PSPermGen       total 21504K, used 12561K [0x00000006fcc00000, 0x00000006fe100000, 0x0000000707200000)
  object space 21504K, 58% used [0x00000006fcc00000,0x00000006fd844568,0x00000006fe100000)
}
Event: 6315,478 GC heap before
{Heap before GC invocations=22868 (full 0):
 PSYoungGen      total 59904K, used 59488K [0x00000007ad080000, 0x00000007b6380000, 0x0000000800000000)
  eden space 59392K, 100% used [0x00000007ad080000,0x00000007b0a80000,0x00000007b0a80000)
  from space 512K, 18% used [0x00000007b6280000,0x00000007b6298000,0x00000007b6300000)
  to   space 512K, 0% used [0x00000007b6300000,0x00000007b6300000,0x00000007b6380000)
 ParOldGen       total 169472K, used 24421K [0x0000000707200000, 0x0000000711780000, 0x00000007ad080000)
  object space 169472K, 14% used [0x0000000707200000,0x00000007089d97a8,0x0000000711780000)
 PSPermGen       total 21504K, used 12561K [0x00000006fcc00000, 0x00000006fe100000, 0x0000000707200000)
  object space 21504K, 58% used [0x00000006fcc00000,0x00000006fd844568,0x00000006fe100000)
Event: 6315,479 GC heap after
Heap after GC invocations=22868 (full 0):
 PSYoungGen      total 58880K, used 96K [0x00000007ad080000, 0x00000007b6380000, 0x0000000800000000)
  eden space 58368K, 0% used [0x00000007ad080000,0x00000007ad080000,0x00000007b0980000)
  from space 512K, 18% used [0x00000007b6300000,0x00000007b6318000,0x00000007b6380000)
  to   space 512K, 0% used [0x00000007b6280000,0x00000007b6280000,0x00000007b6300000)
 ParOldGen       total 169472K, used 24421K [0x0000000707200000, 0x0000000711780000, 0x00000007ad080000)
  object space 169472K, 14% used [0x0000000707200000,0x00000007089d97a8,0x0000000711780000)
 PSPermGen       total 21504K, used 12561K [0x00000006fcc00000, 0x00000006fe100000, 0x0000000707200000)
  object space 21504K, 58% used [0x00000006fcc00000,0x00000006fd844568,0x00000006fe100000)
}
Event: 6315,600 GC heap before
{Heap before GC invocations=22869 (full 0):
 PSYoungGen      total 58880K, used 58464K [0x00000007ad080000, 0x00000007b6380000, 0x0000000800000000)
  eden space 58368K, 100% used [0x00000007ad080000,0x00000007b0980000,0x00000007b0980000)
  from space 512K, 18% used [0x00000007b6300000,0x00000007b6318000,0x00000007b6380000)
  to   space 512K, 0% used [0x00000007b6280000,0x00000007b6280000,0x00000007b6300000)
 ParOldGen       total 169472K, used 24421K [0x0000000707200000, 0x0000000711780000, 0x00000007ad080000)
  object space 169472K, 14% used [0x0000000707200000,0x00000007089d97a8,0x0000000711780000)
 PSPermGen       total 21504K, used 12561K [0x00000006fcc00000, 0x00000006fe100000, 0x0000000707200000)
  object space 21504K, 58% used [0x00000006fcc00000,0x00000006fd844568,0x00000006fe100000)

