# JRE version: OpenJDK Runtime Environment (7.0_79-b14) (build 1.7.0_79-b14)
# Java VM: OpenJDK 64-Bit Server VM (24.79-b02 mixed mode linux-amd64 compressed oops)
Heap
 PSYoungGen      total 61952K, used 288K [0x00000007ad080000, 0x00000007b4180000, 0x0000000800000000)
  eden space 61440K, 0% used [0x00000007ad080000,0x00000007ad080000,0x00000007b0c80000)
  from space 512K, 56% used [0x00000007b4100000,0x00000007b4148000,0x00000007b4180000)
  to   space 512K, 0% used [0x00000007b4080000,0x00000007b4080000,0x00000007b4100000)
 ParOldGen       total 169472K, used 169446K [0x0000000707200000, 0x0000000711780000, 0x00000007ad080000)
  object space 169472K, 99% used [0x0000000707200000,0x0000000711779838,0x0000000711780000)
 PSPermGen       total 21504K, used 12400K [0x00000006fcc00000, 0x00000006fe100000, 0x0000000707200000)
  object space 21504K, 57% used [0x00000006fcc00000,0x00000006fd81c160,0x00000006fe100000)
GC Heap History (10 events):
Event: 28750,042 GC heap after
Heap after GC invocations=39096 (full 0):
 PSYoungGen      total 68096K, used 320K [0x00000007ad080000, 0x00000007b4180000, 0x0000000800000000)
  eden space 67584K, 0% used [0x00000007ad080000,0x00000007ad080000,0x00000007b1280000)
  from space 512K, 62% used [0x00000007b4100000,0x00000007b4150000,0x00000007b4180000)
  to   space 512K, 0% used [0x00000007b4080000,0x00000007b4080000,0x00000007b4100000)
 ParOldGen       total 169472K, used 169406K [0x0000000707200000, 0x0000000711780000, 0x00000007ad080000)
  object space 169472K, 99% used [0x0000000707200000,0x000000071176f838,0x0000000711780000)
 PSPermGen       total 21504K, used 12400K [0x00000006fcc00000, 0x00000006fe100000, 0x0000000707200000)
  object space 21504K, 57% used [0x00000006fcc00000,0x00000006fd81c160,0x00000006fe100000)
}
Event: 28750,190 GC heap before
{Heap before GC invocations=39097 (full 0):
 PSYoungGen      total 68096K, used 67904K [0x00000007ad080000, 0x00000007b4180000, 0x0000000800000000)
  eden space 67584K, 100% used [0x00000007ad080000,0x00000007b1280000,0x00000007b1280000)
  from space 512K, 62% used [0x00000007b4100000,0x00000007b4150000,0x00000007b4180000)
  to   space 512K, 0% used [0x00000007b4080000,0x00000007b4080000,0x00000007b4100000)
 ParOldGen       total 169472K, used 169406K [0x0000000707200000, 0x0000000711780000, 0x00000007ad080000)
  object space 169472K, 99% used [0x0000000707200000,0x000000071176f838,0x0000000711780000)
 PSPermGen       total 21504K, used 12400K [0x00000006fcc00000, 0x00000006fe100000, 0x0000000707200000)
  object space 21504K, 57% used [0x00000006fcc00000,0x00000006fd81c160,0x00000006fe100000)
Event: 28750,191 GC heap after
Heap after GC invocations=39097 (full 0):
 PSYoungGen      total 66560K, used 320K [0x00000007ad080000, 0x00000007b4180000, 0x0000000800000000)
  eden space 66048K, 0% used [0x00000007ad080000,0x00000007ad080000,0x00000007b1100000)
  from space 512K, 62% used [0x00000007b4080000,0x00000007b40d0000,0x00000007b4100000)
  to   space 512K, 0% used [0x00000007b4100000,0x00000007b4100000,0x00000007b4180000)
 ParOldGen       total 169472K, used 169406K [0x0000000707200000, 0x0000000711780000, 0x00000007ad080000)
  object space 169472K, 99% used [0x0000000707200000,0x000000071176f838,0x0000000711780000)
 PSPermGen       total 21504K, used 12400K [0x00000006fcc00000, 0x00000006fe100000, 0x0000000707200000)
  object space 21504K, 57% used [0x00000006fcc00000,0x00000006fd81c160,0x00000006fe100000)
}
Event: 28750,333 GC heap before
{Heap before GC invocations=39098 (full 0):
 PSYoungGen      total 66560K, used 66368K [0x00000007ad080000, 0x00000007b4180000, 0x0000000800000000)
  eden space 66048K, 100% used [0x00000007ad080000,0x00000007b1100000,0x00000007b1100000)
  from space 512K, 62% used [0x00000007b4080000,0x00000007b40d0000,0x00000007b4100000)
  to   space 512K, 0% used [0x00000007b4100000,0x00000007b4100000,0x00000007b4180000)
 ParOldGen       total 169472K, used 169406K [0x0000000707200000, 0x0000000711780000, 0x00000007ad080000)
  object space 169472K, 99% used [0x0000000707200000,0x000000071176f838,0x0000000711780000)
 PSPermGen       total 21504K, used 12400K [0x00000006fcc00000, 0x00000006fe100000, 0x0000000707200000)
  object space 21504K, 57% used [0x00000006fcc00000,0x00000006fd81c160,0x00000006fe100000)
Event: 28750,335 GC heap after
Heap after GC invocations=39098 (full 0):
 PSYoungGen      total 65024K, used 288K [0x00000007ad080000, 0x00000007b4180000, 0x0000000800000000)
  eden space 64512K, 0% used [0x00000007ad080000,0x00000007ad080000,0x00000007b0f80000)
  from space 512K, 56% used [0x00000007b4100000,0x00000007b4148000,0x00000007b4180000)
  to   space 512K, 0% used [0x00000007b4080000,0x00000007b4080000,0x00000007b4100000)
 ParOldGen       total 169472K, used 169430K [0x0000000707200000, 0x0000000711780000, 0x00000007ad080000)
  object space 169472K, 99% used [0x0000000707200000,0x0000000711775838,0x0000000711780000)
 PSPermGen       total 21504K, used 12400K [0x00000006fcc00000, 0x00000006fe100000, 0x0000000707200000)
  object space 21504K, 57% used [0x00000006fcc00000,0x00000006fd81c160,0x00000006fe100000)
}
Event: 28750,475 GC heap before
{Heap before GC invocations=39099 (full 0):
 PSYoungGen      total 65024K, used 64800K [0x00000007ad080000, 0x00000007b4180000, 0x0000000800000000)
  eden space 64512K, 100% used [0x00000007ad080000,0x00000007b0f80000,0x00000007b0f80000)
  from space 512K, 56% used [0x00000007b4100000,0x00000007b4148000,0x00000007b4180000)
  to   space 512K, 0% used [0x00000007b4080000,0x00000007b4080000,0x00000007b4100000)
 ParOldGen       total 169472K, used 169430K [0x0000000707200000, 0x0000000711780000, 0x00000007ad080000)
  object space 169472K, 99% used [0x0000000707200000,0x0000000711775838,0x0000000711780000)
 PSPermGen       total 21504K, used 12400K [0x00000006fcc00000, 0x00000006fe100000, 0x0000000707200000)
  object space 21504K, 57% used [0x00000006fcc00000,0x00000006fd81c160,0x00000006fe100000)
Event: 28750,476 GC heap after
Heap after GC invocations=39099 (full 0):
 PSYoungGen      total 63488K, used 320K [0x00000007ad080000, 0x00000007b4180000, 0x0000000800000000)
  eden space 62976K, 0% used [0x00000007ad080000,0x00000007ad080000,0x00000007b0e00000)
  from space 512K, 62% used [0x00000007b4080000,0x00000007b40d0000,0x00000007b4100000)
  to   space 512K, 0% used [0x00000007b4100000,0x00000007b4100000,0x00000007b4180000)
 ParOldGen       total 169472K, used 169430K [0x0000000707200000, 0x0000000711780000, 0x00000007ad080000)
  object space 169472K, 99% used [0x0000000707200000,0x0000000711775838,0x0000000711780000)
 PSPermGen       total 21504K, used 12400K [0x00000006fcc00000, 0x00000006fe100000, 0x0000000707200000)
  object space 21504K, 57% used [0x00000006fcc00000,0x00000006fd81c160,0x00000006fe100000)
}
Event: 28750,611 GC heap before
{Heap before GC invocations=39100 (full 0):
 PSYoungGen      total 63488K, used 63296K [0x00000007ad080000, 0x00000007b4180000, 0x0000000800000000)
  eden space 62976K, 100% used [0x00000007ad080000,0x00000007b0e00000,0x00000007b0e00000)
  from space 512K, 62% used [0x00000007b4080000,0x00000007b40d0000,0x00000007b4100000)
  to   space 512K, 0% used [0x00000007b4100000,0x00000007b4100000,0x00000007b4180000)
 ParOldGen       total 169472K, used 169430K [0x0000000707200000, 0x0000000711780000, 0x00000007ad080000)
  object space 169472K, 99% used [0x0000000707200000,0x0000000711775838,0x0000000711780000)
 PSPermGen       total 21504K, used 12400K [0x00000006fcc00000, 0x00000006fe100000, 0x0000000707200000)
  object space 21504K, 57% used [0x00000006fcc00000,0x00000006fd81c160,0x00000006fe100000)
Event: 28750,612 GC heap after
Heap after GC invocations=39100 (full 0):
 PSYoungGen      total 61952K, used 288K [0x00000007ad080000, 0x00000007b4180000, 0x0000000800000000)
  eden space 61440K, 0% used [0x00000007ad080000,0x00000007ad080000,0x00000007b0c80000)
  from space 512K, 56% used [0x00000007b4100000,0x00000007b4148000,0x00000007b4180000)
  to   space 512K, 0% used [0x00000007b4080000,0x00000007b4080000,0x00000007b4100000)
 ParOldGen       total 169472K, used 169446K [0x0000000707200000, 0x0000000711780000, 0x00000007ad080000)
  object space 169472K, 99% used [0x0000000707200000,0x0000000711779838,0x0000000711780000)
 PSPermGen       total 21504K, used 12400K [0x00000006fcc00000, 0x00000006fe100000, 0x0000000707200000)
  object space 21504K, 57% used [0x00000006fcc00000,0x00000006fd81c160,0x00000006fe100000)
}
Event: 28750,612 GC heap before
{Heap before GC invocations=39101 (full 1):
 PSYoungGen      total 61952K, used 288K [0x00000007ad080000, 0x00000007b4180000, 0x0000000800000000)
  eden space 61440K, 0% used [0x00000007ad080000,0x00000007ad080000,0x00000007b0c80000)
  from space 512K, 56% used [0x00000007b4100000,0x00000007b4148000,0x00000007b4180000)
  to   space 512K, 0% used [0x00000007b4080000,0x00000007b4080000,0x00000007b4100000)
 ParOldGen       total 169472K, used 169446K [0x0000000707200000, 0x0000000711780000, 0x00000007ad080000)
  object space 169472K, 99% used [0x0000000707200000,0x0000000711779838,0x0000000711780000)
 PSPermGen       total 21504K, used 12400K [0x00000006fcc00000, 0x00000006fe100000, 0x0000000707200000)
  object space 21504K, 57% used [0x00000006fcc00000,0x00000006fd81c160,0x00000006fe100000)

